# JRE version: Java(TM) SE Runtime Environment (8.0_211-b12) (build 1.8.0_211-b12)
# Java VM: Java HotSpot(TM) 64-Bit Server VM (25.211-b12 mixed mode windows-amd64 compressed oops)
Heap:
 PSYoungGen      total 442880K, used 368510K [0x00000000e0000000, 0x0000000100000000, 0x0000000100000000)
  eden space 385024K, 90% used [0x00000000e0000000,0x00000000f5288d08,0x00000000f7800000)
  from space 57856K, 37% used [0x00000000fc780000,0x00000000fdcd6cf0,0x0000000100000000)
  to   space 69632K, 0% used [0x00000000f7800000,0x00000000f7800000,0x00000000fbc00000)
 ParOldGen       total 183296K, used 139276K [0x00000000a0000000, 0x00000000ab300000, 0x00000000e0000000)
  object space 183296K, 75% used [0x00000000a0000000,0x00000000a8803218,0x00000000ab300000)
 Metaspace       used 112443K, capacity 119212K, committed 119384K, reserved 1153024K
  class space    used 14506K, capacity 15729K, committed 15744K, reserved 1048576K
GC Heap History (10 events):
Event: 1046.646 GC heap before
{Heap before GC invocations=18 (full 4):
 PSYoungGen      total 490496K, used 472203K [0x00000000e0000000, 0x00000000fff00000, 0x0000000100000000)
  eden space 456704K, 100% used [0x00000000e0000000,0x00000000fbe00000,0x00000000fbe00000)
  from space 33792K, 45% used [0x00000000fbe00000,0x00000000fcd22da0,0x00000000fdf00000)
  to   space 32256K, 0% used [0x00000000fdf80000,0x00000000fdf80000,0x00000000fff00000)
 ParOldGen       total 183296K, used 71937K [0x00000000a0000000, 0x00000000ab300000, 0x00000000e0000000)
  object space 183296K, 39% used [0x00000000a0000000,0x00000000a46407f8,0x00000000ab300000)
 Metaspace       used 99710K, capacity 104762K, committed 105048K, reserved 1140736K
  class space    used 12881K, capacity 13906K, committed 13952K, reserved 1048576K
Event: 1046.704 GC heap after
Heap after GC invocations=18 (full 4):
 PSYoungGen      total 479744K, used 32228K [0x00000000e0000000, 0x0000000100000000, 0x0000000100000000)
  eden space 447488K, 0% used [0x00000000e0000000,0x00000000e0000000,0x00000000fb500000)
  from space 32256K, 99% used [0x00000000fdf80000,0x00000000ffef9188,0x00000000fff00000)
  to   space 38400K, 0% used [0x00000000fb500000,0x00000000fb500000,0x00000000fda80000)
 ParOldGen       total 183296K, used 76516K [0x00000000a0000000, 0x00000000ab300000, 0x00000000e0000000)
  object space 183296K, 41% used [0x00000000a0000000,0x00000000a4ab9328,0x00000000ab300000)
 Metaspace       used 99710K, capacity 104762K, committed 105048K, reserved 1140736K
  class space    used 12881K, capacity 13906K, committed 13952K, reserved 1048576K
}
Event: 1053.302 GC heap before
{Heap before GC invocations=19 (full 4):
 PSYoungGen      total 479744K, used 479716K [0x00000000e0000000, 0x0000000100000000, 0x0000000100000000)
  eden space 447488K, 100% used [0x00000000e0000000,0x00000000fb500000,0x00000000fb500000)
  from space 32256K, 99% used [0x00000000fdf80000,0x00000000ffef9188,0x00000000fff00000)
  to   space 38400K, 0% used [0x00000000fb500000,0x00000000fb500000,0x00000000fda80000)
 ParOldGen       total 183296K, used 76516K [0x00000000a0000000, 0x00000000ab300000, 0x00000000e0000000)
  object space 183296K, 41% used [0x00000000a0000000,0x00000000a4ab9328,0x00000000ab300000)
 Metaspace       used 109273K, capacity 115262K, committed 115416K, reserved 1148928K
  class space    used 14166K, capacity 15324K, committed 15360K, reserved 1048576K
Event: 1053.382 GC heap after
Heap after GC invocations=19 (full 4):
 PSYoungGen      total 477184K, used 29625K [0x00000000e0000000, 0x0000000100000000, 0x0000000100000000)
  eden space 447488K, 0% used [0x00000000e0000000,0x00000000e0000000,0x00000000fb500000)
  from space 29696K, 99% used [0x00000000fb500000,0x00000000fd1ee7d8,0x00000000fd200000)
  to   space 40960K, 0% used [0x00000000fd800000,0x00000000fd800000,0x0000000100000000)
 ParOldGen       total 183296K, used 76524K [0x00000000a0000000, 0x00000000ab300000, 0x00000000e0000000)
  object space 183296K, 41% used [0x00000000a0000000,0x00000000a4abb328,0x00000000ab300000)
 Metaspace       used 109273K, capacity 115262K, committed 115416K, reserved 1148928K
  class space    used 14166K, capacity 15324K, committed 15360K, reserved 1048576K
}
Event: 1059.333 GC heap before
{Heap before GC invocations=20 (full 4):
 PSYoungGen      total 477184K, used 477113K [0x00000000e0000000, 0x0000000100000000, 0x0000000100000000)
  eden space 447488K, 100% used [0x00000000e0000000,0x00000000fb500000,0x00000000fb500000)
  from space 29696K, 99% used [0x00000000fb500000,0x00000000fd1ee7d8,0x00000000fd200000)
  to   space 40960K, 0% used [0x00000000fd800000,0x00000000fd800000,0x0000000100000000)
 ParOldGen       total 183296K, used 76524K [0x00000000a0000000, 0x00000000ab300000, 0x00000000e0000000)
  object space 183296K, 41% used [0x00000000a0000000,0x00000000a4abb328,0x00000000ab300000)
 Metaspace       used 110263K, capacity 116310K, committed 116568K, reserved 1150976K
  class space    used 14257K, capacity 15412K, committed 15488K, reserved 1048576K
Event: 1059.466 GC heap after
Heap after GC invocations=20 (full 4):
 PSYoungGen      total 449536K, used 40932K [0x00000000e0000000, 0x0000000100000000, 0x0000000100000000)
  eden space 408576K, 0% used [0x00000000e0000000,0x00000000e0000000,0x00000000f8f00000)
  from space 40960K, 99% used [0x00000000fd800000,0x00000000ffff9238,0x0000000100000000)
  to   space 57856K, 0% used [0x00000000f8f00000,0x00000000f8f00000,0x00000000fc780000)
 ParOldGen       total 183296K, used 106406K [0x00000000a0000000, 0x00000000ab300000, 0x00000000e0000000)
  object space 183296K, 58% used [0x00000000a0000000,0x00000000a67e9958,0x00000000ab300000)
 Metaspace       used 110263K, capacity 116310K, committed 116568K, reserved 1150976K
  class space    used 14257K, capacity 15412K, committed 15488K, reserved 1048576K
}
Event: 1209.050 GC heap before
{Heap before GC invocations=21 (full 4):
 PSYoungGen      total 449536K, used 449508K [0x00000000e0000000, 0x0000000100000000, 0x0000000100000000)
  eden space 408576K, 100% used [0x00000000e0000000,0x00000000f8f00000,0x00000000f8f00000)
  from space 40960K, 99% used [0x00000000fd800000,0x00000000ffff9238,0x0000000100000000)
  to   space 57856K, 0% used [0x00000000f8f00000,0x00000000f8f00000,0x00000000fc780000)
 ParOldGen       total 183296K, used 106406K [0x00000000a0000000, 0x00000000ab300000, 0x00000000e0000000)
  object space 183296K, 58% used [0x00000000a0000000,0x00000000a67e9958,0x00000000ab300000)
 Metaspace       used 111727K, capacity 118026K, committed 118232K, reserved 1153024K
  class space    used 14432K, capacity 15600K, committed 15616K, reserved 1048576K
Event: 1209.218 GC heap after
Heap after GC invocations=21 (full 4):
 PSYoungGen      total 466432K, used 57836K [0x00000000e0000000, 0x0000000100000000, 0x0000000100000000)
  eden space 408576K, 0% used [0x00000000e0000000,0x00000000e0000000,0x00000000f8f00000)
  from space 57856K, 99% used [0x00000000f8f00000,0x00000000fc77b068,0x00000000fc780000)
  to   space 57856K, 0% used [0x00000000fc780000,0x00000000fc780000,0x0000000100000000)
 ParOldGen       total 183296K, used 121006K [0x00000000a0000000, 0x00000000ab300000, 0x00000000e0000000)
  object space 183296K, 66% used [0x00000000a0000000,0x00000000a762ba18,0x00000000ab300000)
 Metaspace       used 111727K, capacity 118026K, committed 118232K, reserved 1153024K
  class space    used 14432K, capacity 15600K, committed 15616K, reserved 1048576K
}
Event: 2202.227 GC heap before
{Heap before GC invocations=22 (full 4):
 PSYoungGen      total 466432K, used 466412K [0x00000000e0000000, 0x0000000100000000, 0x0000000100000000)
  eden space 408576K, 100% used [0x00000000e0000000,0x00000000f8f00000,0x00000000f8f00000)
  from space 57856K, 99% used [0x00000000f8f00000,0x00000000fc77b068,0x00000000fc780000)
  to   space 57856K, 0% used [0x00000000fc780000,0x00000000fc780000,0x0000000100000000)
 ParOldGen       total 183296K, used 121006K [0x00000000a0000000, 0x00000000ab300000, 0x00000000e0000000)
  object space 183296K, 66% used [0x00000000a0000000,0x00000000a762ba18,0x00000000ab300000)
 Metaspace       used 112065K, capacity 118634K, committed 118872K, reserved 1153024K
  class space    used 14466K, capacity 15656K, committed 15744K, reserved 1048576K
Event: 2202.293 GC heap after
Heap after GC invocations=22 (full 4):
 PSYoungGen      total 442880K, used 21851K [0x00000000e0000000, 0x0000000100000000, 0x0000000100000000)
  eden space 385024K, 0% used [0x00000000e0000000,0x00000000e0000000,0x00000000f7800000)
  from space 57856K, 37% used [0x00000000fc780000,0x00000000fdcd6cf0,0x0000000100000000)
  to   space 69632K, 0% used [0x00000000f7800000,0x00000000f7800000,0x00000000fbc00000)
 ParOldGen       total 183296K, used 139276K [0x00000000a0000000, 0x00000000ab300000, 0x00000000e0000000)
  object space 183296K, 75% used [0x00000000a0000000,0x00000000a8803218,0x00000000ab300000)
 Metaspace       used 112065K, capacity 118634K, committed 118872K, reserved 1153024K
  class space    used 14466K, capacity 15656K, committed 15744K, reserved 1048576K
}

