# JRE version: Java(TM) SE Runtime Environment (8.0_211-b12) (build 1.8.0_211-b12)
# Java VM: Java HotSpot(TM) 64-Bit Server VM (25.211-b12 mixed mode windows-amd64 compressed oops)
Heap:
 PSYoungGen      total 310272K, used 11023K [0x00000000e0000000, 0x00000000f5000000, 0x0000000100000000)
  eden space 276480K, 2% used [0x00000000e0000000,0x00000000e06a9018,0x00000000f0e00000)
  from space 33792K, 12% used [0x00000000f0e00000,0x00000000f121af80,0x00000000f2f00000)
  to   space 28160K, 0% used [0x00000000f3180000,0x00000000f3180000,0x00000000f4d00000)
 ParOldGen       total 140288K, used 48026K [0x00000000a0000000, 0x00000000a8900000, 0x00000000e0000000)
  object space 140288K, 34% used [0x00000000a0000000,0x00000000a2ee6990,0x00000000a8900000)
 Metaspace       used 96925K, capacity 100512K, committed 101976K, reserved 1136640K
  class space    used 12831K, capacity 13541K, committed 13952K, reserved 1048576K
GC Heap History (10 events):
Event: 3434.450 GC heap before
{Heap before GC invocations=15 (full 3):
 PSYoungGen      total 247296K, used 247295K [0x00000000e0000000, 0x00000000f4d00000, 0x0000000100000000)
  eden space 224256K, 100% used [0x00000000e0000000,0x00000000edb00000,0x00000000edb00000)
  from space 23040K, 99% used [0x00000000edb00000,0x00000000ef17fd40,0x00000000ef180000)
  to   space 28160K, 0% used [0x00000000f3180000,0x00000000f3180000,0x00000000f4d00000)
 ParOldGen       total 140288K, used 44296K [0x00000000a0000000, 0x00000000a8900000, 0x00000000e0000000)
  object space 140288K, 31% used [0x00000000a0000000,0x00000000a2b42080,0x00000000a8900000)
 Metaspace       used 82377K, capacity 85790K, committed 85976K, reserved 1124352K
  class space    used 10977K, capacity 11729K, committed 11776K, reserved 1048576K
Event: 3434.490 GC heap after
Heap after GC invocations=15 (full 3):
 PSYoungGen      total 304640K, used 28135K [0x00000000e0000000, 0x00000000f5000000, 0x0000000100000000)
  eden space 276480K, 0% used [0x00000000e0000000,0x00000000e0000000,0x00000000f0e00000)
  from space 28160K, 99% used [0x00000000f3180000,0x00000000f4cf9fe8,0x00000000f4d00000)
  to   space 33792K, 0% used [0x00000000f0e00000,0x00000000f0e00000,0x00000000f2f00000)
 ParOldGen       total 140288K, used 48122K [0x00000000a0000000, 0x00000000a8900000, 0x00000000e0000000)
  object space 140288K, 34% used [0x00000000a0000000,0x00000000a2efea40,0x00000000a8900000)
 Metaspace       used 82377K, capacity 85790K, committed 85976K, reserved 1124352K
  class space    used 10977K, capacity 11729K, committed 11776K, reserved 1048576K
}
Event: 3440.071 GC heap before
{Heap before GC invocations=16 (full 3):
 PSYoungGen      total 304640K, used 304615K [0x00000000e0000000, 0x00000000f5000000, 0x0000000100000000)
  eden space 276480K, 100% used [0x00000000e0000000,0x00000000f0e00000,0x00000000f0e00000)
  from space 28160K, 99% used [0x00000000f3180000,0x00000000f4cf9fe8,0x00000000f4d00000)
  to   space 33792K, 0% used [0x00000000f0e00000,0x00000000f0e00000,0x00000000f2f00000)
 ParOldGen       total 140288K, used 48122K [0x00000000a0000000, 0x00000000a8900000, 0x00000000e0000000)
  object space 140288K, 34% used [0x00000000a0000000,0x00000000a2efea40,0x00000000a8900000)
 Metaspace       used 92650K, capacity 96538K, committed 96728K, reserved 1132544K
  class space    used 12390K, capacity 13207K, committed 13312K, reserved 1048576K
Event: 3440.150 GC heap after
Heap after GC invocations=16 (full 3):
 PSYoungGen      total 310272K, used 20791K [0x00000000e0000000, 0x00000000f5000000, 0x0000000100000000)
  eden space 276480K, 0% used [0x00000000e0000000,0x00000000e0000000,0x00000000f0e00000)
  from space 33792K, 61% used [0x00000000f0e00000,0x00000000f224dde0,0x00000000f2f00000)
  to   space 28160K, 0% used [0x00000000f3180000,0x00000000f3180000,0x00000000f4d00000)
 ParOldGen       total 140288K, used 67110K [0x00000000a0000000, 0x00000000a8900000, 0x00000000e0000000)
  object space 140288K, 47% used [0x00000000a0000000,0x00000000a4189920,0x00000000a8900000)
 Metaspace       used 92650K, capacity 96538K, committed 96728K, reserved 1132544K
  class space    used 12390K, capacity 13207K, committed 13312K, reserved 1048576K
}
Event: 3440.585 GC heap before
{Heap before GC invocations=17 (full 3):
 PSYoungGen      total 310272K, used 28749K [0x00000000e0000000, 0x00000000f5000000, 0x0000000100000000)
  eden space 276480K, 2% used [0x00000000e0000000,0x00000000e07c58b0,0x00000000f0e00000)
  from space 33792K, 61% used [0x00000000f0e00000,0x00000000f224dde0,0x00000000f2f00000)
  to   space 28160K, 0% used [0x00000000f3180000,0x00000000f3180000,0x00000000f4d00000)
 ParOldGen       total 140288K, used 67110K [0x00000000a0000000, 0x00000000a8900000, 0x00000000e0000000)
  object space 140288K, 47% used [0x00000000a0000000,0x00000000a4189920,0x00000000a8900000)
 Metaspace       used 94257K, capacity 98300K, committed 98380K, reserved 1134592K
  class space    used 12676K, capacity 13546K, committed 13568K, reserved 1048576K
Event: 3440.600 GC heap after
Heap after GC invocations=17 (full 3):
 PSYoungGen      total 304640K, used 12278K [0x00000000e0000000, 0x00000000f5000000, 0x0000000100000000)
  eden space 276480K, 0% used [0x00000000e0000000,0x00000000e0000000,0x00000000f0e00000)
  from space 28160K, 43% used [0x00000000f3180000,0x00000000f3d7d838,0x00000000f4d00000)
  to   space 33792K, 0% used [0x00000000f0e00000,0x00000000f0e00000,0x00000000f2f00000)
 ParOldGen       total 140288K, used 67118K [0x00000000a0000000, 0x00000000a8900000, 0x00000000e0000000)
  object space 140288K, 47% used [0x00000000a0000000,0x00000000a418b920,0x00000000a8900000)
 Metaspace       used 94257K, capacity 98300K, committed 98380K, reserved 1134592K
  class space    used 12676K, capacity 13546K, committed 13568K, reserved 1048576K
}
Event: 3440.600 GC heap before
{Heap before GC invocations=18 (full 4):
 PSYoungGen      total 304640K, used 12278K [0x00000000e0000000, 0x00000000f5000000, 0x0000000100000000)
  eden space 276480K, 0% used [0x00000000e0000000,0x00000000e0000000,0x00000000f0e00000)
  from space 28160K, 43% used [0x00000000f3180000,0x00000000f3d7d838,0x00000000f4d00000)
  to   space 33792K, 0% used [0x00000000f0e00000,0x00000000f0e00000,0x00000000f2f00000)
 ParOldGen       total 140288K, used 67118K [0x00000000a0000000, 0x00000000a8900000, 0x00000000e0000000)
  object space 140288K, 47% used [0x00000000a0000000,0x00000000a418b920,0x00000000a8900000)
 Metaspace       used 94257K, capacity 98300K, committed 98380K, reserved 1134592K
  class space    used 12676K, capacity 13546K, committed 13568K, reserved 1048576K
Event: 3440.895 GC heap after
Heap after GC invocations=18 (full 4):
 PSYoungGen      total 304640K, used 0K [0x00000000e0000000, 0x00000000f5000000, 0x0000000100000000)
  eden space 276480K, 0% used [0x00000000e0000000,0x00000000e0000000,0x00000000f0e00000)
  from space 28160K, 0% used [0x00000000f3180000,0x00000000f3180000,0x00000000f4d00000)
  to   space 33792K, 0% used [0x00000000f0e00000,0x00000000f0e00000,0x00000000f2f00000)
 ParOldGen       total 140288K, used 48018K [0x00000000a0000000, 0x00000000a8900000, 0x00000000e0000000)
  object space 140288K, 34% used [0x00000000a0000000,0x00000000a2ee4990,0x00000000a8900000)
 Metaspace       used 93125K, capacity 96228K, committed 98380K, reserved 1134592K
  class space    used 12438K, capacity 13129K, committed 13568K, reserved 1048576K
}
Event: 3444.816 GC heap before
{Heap before GC invocations=19 (full 4):
 PSYoungGen      total 304640K, used 276480K [0x00000000e0000000, 0x00000000f5000000, 0x0000000100000000)
  eden space 276480K, 100% used [0x00000000e0000000,0x00000000f0e00000,0x00000000f0e00000)
  from space 28160K, 0% used [0x00000000f3180000,0x00000000f3180000,0x00000000f4d00000)
  to   space 33792K, 0% used [0x00000000f0e00000,0x00000000f0e00000,0x00000000f2f00000)
 ParOldGen       total 140288K, used 48018K [0x00000000a0000000, 0x00000000a8900000, 0x00000000e0000000)
  object space 140288K, 34% used [0x00000000a0000000,0x00000000a2ee4990,0x00000000a8900000)
 Metaspace       used 96885K, capacity 100444K, committed 101976K, reserved 1136640K
  class space    used 12831K, capacity 13541K, committed 13952K, reserved 1048576K
Event: 3444.851 GC heap after
Heap after GC invocations=19 (full 4):
 PSYoungGen      total 310272K, used 4203K [0x00000000e0000000, 0x00000000f5000000, 0x0000000100000000)
  eden space 276480K, 0% used [0x00000000e0000000,0x00000000e0000000,0x00000000f0e00000)
  from space 33792K, 12% used [0x00000000f0e00000,0x00000000f121af80,0x00000000f2f00000)
  to   space 28160K, 0% used [0x00000000f3180000,0x00000000f3180000,0x00000000f4d00000)
 ParOldGen       total 140288K, used 48026K [0x00000000a0000000, 0x00000000a8900000, 0x00000000e0000000)
  object space 140288K, 34% used [0x00000000a0000000,0x00000000a2ee6990,0x00000000a8900000)
 Metaspace       used 96885K, capacity 100444K, committed 101976K, reserved 1136640K
  class space    used 12831K, capacity 13541K, committed 13952K, reserved 1048576K
}

